  ConsoleApplication1.cpp
C:\MandelDrawer\Image.h(34,13): warning C4244: инициализация: преобразование "uint64" в "int", возможна потеря данных
C:\MandelDrawer\Image.h(41,13): warning C4244: инициализация: преобразование "uint64" в "int", возможна потеря данных
C:\MandelDrawer\Image.h(72,11): warning C4244: инициализация: преобразование "float" в "int", возможна потеря данных
C:\MandelDrawer\Image.h(73,11): warning C4244: инициализация: преобразование "float" в "int", возможна потеря данных
C:\MandelDrawer\Image.h(74,11): warning C4244: инициализация: преобразование "float" в "int", возможна потеря данных
C:\MandelDrawer\MandelDrawer.h(37,21): warning C4244: аргумент: преобразование "float" в "int", возможна потеря данных
C:\MandelDrawer\MandelDrawer.h(37,13): warning C4244: аргумент: преобразование "float" в "int", возможна потеря данных
C:\MandelDrawer\MandelDrawer.h(114,17): warning C4244: =: преобразование "int" в "float", возможна потеря данных
C:\MandelDrawer\MandelDrawer.h(116,32): warning C4244: аргумент: преобразование "uint64" в "int", возможна потеря данных
C:\MandelDrawer\MandelDrawer.h(116,29): warning C4244: аргумент: преобразование "uint64" в "int", возможна потеря данных
C:\MandelDrawer\MandelDrawer.h(142,17): warning C4244: =: преобразование "int" в "float", возможна потеря данных
C:\MandelDrawer\MandelDrawer.h(180,11): warning C4244: return: преобразование "int" в "float", возможна потеря данных
C:\MandelDrawer\MandelDrawer.h(182,38): warning C4244: return: преобразование "double" в "float", возможна потеря данных
  Создание кода
  1 of 292 functions ( 0.3%) were compiled, the rest were copied from previous compilation.
    0 functions were new in current compilation
    0 functions had inline decision re-evaluated but remain unchanged
  Создание кода завершено
  ConsoleApplication1.vcxproj -> C:\MandelDrawer\x64\Release\ConsoleApplication1.exe
